<?xml version="1.0" encoding="UTF-8"?>
<!-- Generated by org.testng.reporters.JUnitReportReporter -->
<testsuite hostname="parvez" failures="0" tests="2" name="itera.IteraAutomation" time="4.162" errors="0" timestamp="2022-09-27T20:36:18 IST" skipped="0">
  <testcase classname="itera.IteraAutomation" name="NavigateToTestAutomation" time="1.919"/>
  <system-out/>
  <testcase classname="itera.IteraAutomation" name="FillDetails" time="2.243"/>
  <system-out/>
</testsuite> <!-- itera.IteraAutomation -->
