<?xml version="1.0" encoding="UTF-8"?>
<!-- Generated by org.testng.reporters.JUnitReportReporter -->
<testsuite hostname="parvez" failures="0" tests="6" name="itera.IteraAuto2nd" time="6.659" errors="0" timestamp="2022-09-29T18:52:27 IST" skipped="0">
  <testcase classname="itera.IteraAuto2nd" name="NavigateToTestAutomation" time="1.676"/>
  <system-out/>
  <testcase classname="itera.IteraAuto2nd" name="FillDetails" time="2.288"/>
  <system-out/>
  <testcase classname="itera.IteraAuto2nd" name="radioButtonAndCheckBox" time="0.674"/>
  <system-out/>
  <testcase classname="itera.IteraAuto2nd" name="SelectFromDropDown" time="0.717"/>
  <system-out/>
  <testcase classname="itera.IteraAuto2nd" name="RadioCheck" time="1.103"/>
  <system-out/>
  <testcase classname="itera.IteraAuto2nd" name="upload" time="0.201"/>
  <system-out/>
</testsuite> <!-- itera.IteraAuto2nd -->
